<?xml version="1.0" encoding="utf-8"?><testsuites name="pytest tests"><testsuite name="pytest" errors="0" failures="0" skipped="0" tests="10" time="2.358" timestamp="2026-04-20T01:09:25.355315+00:00" hostname="agent-env-ddc0cbce-b351-444a-98a4-84cd5f17fc7e"><testcase classname="backend.tests.test_tom_certo" name="test_health" time="0.111" /><testcase classname="backend.tests.test_tom_certo" name="test_auth_validate_valid" time="0.122" /><testcase classname="backend.tests.test_tom_certo" name="test_auth_validate_invalid" time="0.105" /><testcase classname="backend.tests.test_tom_certo" name="test_auth_validate_missing_fields" time="0.103" /><testcase classname="backend.tests.test_tom_certo" name="test_admin_login_valid" time="0.355" /><testcase classname="backend.tests.test_tom_certo" name="test_admin_login_invalid" time="0.384" /><testcase classname="backend.tests.test_tom_certo" name="test_admin_list_tokens" time="0.396" /><testcase classname="backend.tests.test_tom_certo" name="test_admin_list_tokens_unauth" time="0.131" /><testcase classname="backend.tests.test_tom_certo" name="test_admin_create_and_verify_token" time="0.466" /><testcase classname="backend.tests.test_tom_certo" name="test_revalidate_invalid_session" time="0.112" /></testsuite></testsuites>